This is pdfTeX, Version 3.14159265-2.6-1.40.16 (TeX Live 2015/Debian) (preloaded format=pdflatex 2018.10.27)  3 MAY 2019 14:42
entering extended mode
 restricted \write18 enabled.
 file:line:error style messages enabled.
 %&-line parsing enabled.
**summary.tex
(./summary.tex
LaTeX2e <2016/02/01>
Babel <3.9q> and hyphenation patterns for 5 language(s) loaded.
./summary.tex:1: Undefined control sequence.
l.1 \section
            *{Summary}
The control sequence at the end of the top line
of your error message was never \def'ed. If you have
misspelled it (e.g., `\hobx'), type `I' and the correct
spelling (e.g., `I\hbox'). Otherwise just continue,
and I'll forget about whatever was undefined.


./summary.tex:1: LaTeX Error: Missing \begin{document}.

See the LaTeX manual or LaTeX Companion for explanation.
Type  H <return>  for immediate help.
 ...                                              
                                                  
l.1 \section*
             {Summary}
You're in trouble here.  Try typing  <return>  to proceed.
If that doesn't work, type  X <return>  to quit.

Missing character: There is no * in font nullfont!
Missing character: There is no S in font nullfont!
Missing character: There is no u in font nullfont!
Missing character: There is no m in font nullfont!
Missing character: There is no m in font nullfont!
Missing character: There is no a in font nullfont!
Missing character: There is no r in font nullfont!
Missing character: There is no y in font nullfont!

Overfull \hbox (20.0pt too wide) in paragraph at lines 1--2
[] 
 []

Missing character: There is no A in font nullfont!
Missing character: There is no i in font nullfont!
Missing character: There is no s in font nullfont!
Missing character: There is no a in font nullfont!
Missing character: There is no r in font nullfont!
Missing character: There is no a in font nullfont!
Missing character: There is no n in font nullfont!
Missing character: There is no d in font nullfont!
Missing character: There is no o in font nullfont!
Missing character: There is no m in font nullfont!
Missing character: There is no i in font nullfont!
Missing character: There is no z in font nullfont!
Missing character: There is no e in font nullfont!
Missing character: There is no d in font nullfont!
Missing character: There is no a in font nullfont!
Missing character: There is no l in font nullfont!
Missing character: There is no g in font nullfont!
Missing character: There is no o in font nullfont!
Missing character: There is no r in font nullfont!
Missing character: There is no i in font nullfont!
Missing character: There is no t in font nullfont!
Missing character: There is no h in font nullfont!
Missing character: There is no m in font nullfont!
Missing character: There is no w in font nullfont!
Missing character: There is no h in font nullfont!
Missing character: There is no e in font nullfont!
Missing character: There is no r in font nullfont!
Missing character: There is no e in font nullfont!
Missing character: There is no t in font nullfont!
Missing character: There is no h in font nullfont!
Missing character: There is no e in font nullfont!
Missing character: There is no r in font nullfont!
Missing character: There is no u in font nullfont!
Missing character: There is no n in font nullfont!
Missing character: There is no n in font nullfont!
Missing character: There is no i in font nullfont!
Missing character: There is no n in font nullfont!
Missing character: There is no g in font nullfont!
Missing character: There is no t in font nullfont!
Missing character: There is no i in font nullfont!
Missing character: There is no m in font nullfont!
Missing character: There is no e in font nullfont!
Missing character: There is no i in font nullfont!
Missing character: There is no s in font nullfont!
Missing character: There is no a in font nullfont!
Missing character: There is no r in font nullfont!
Missing character: There is no a in font nullfont!
Missing character: There is no n in font nullfont!
Missing character: There is no d in font nullfont!
Missing character: There is no o in font nullfont!
Missing character: There is no m in font nullfont!
Missing character: There is no v in font nullfont!
Missing character: There is no a in font nullfont!
Missing character: There is no r in font nullfont!
Missing character: There is no i in font nullfont!
Missing character: There is no a in font nullfont!
Missing character: There is no b in font nullfont!
Missing character: There is no l in font nullfont!
Missing character: There is no e in font nullfont!
Missing character: There is no . in font nullfont!

Overfull \hbox (17.04292pt too wide) in paragraph at lines 3--4
\OT1/cmr/bx/n/10 Las
 []


Overfull \hbox (16.8402pt too wide) in paragraph at lines 3--4
\OT1/cmr/bx/n/10 Ve-
 []


Overfull \hbox (15.87627pt too wide) in paragraph at lines 3--4
\OT1/cmr/bx/n/10 gas
 []


Overfull \hbox (12.61797pt too wide) in paragraph at lines 3--4
\OT1/cmr/bx/n/10 al-
 []


Overfull \hbox (15.33325pt too wide) in paragraph at lines 3--4
\OT1/cmr/bx/n/10 go-
 []


Overfull \hbox (28.37486pt too wide) in paragraph at lines 3--4
\OT1/cmr/bx/n/10 rithm
 []

Missing character: There is no A in font nullfont!
Missing character: There is no i in font nullfont!
Missing character: There is no s in font nullfont!
Missing character: There is no a in font nullfont!
Missing character: There is no r in font nullfont!
Missing character: There is no a in font nullfont!
Missing character: There is no n in font nullfont!
Missing character: There is no d in font nullfont!
Missing character: There is no o in font nullfont!
Missing character: There is no m in font nullfont!
Missing character: There is no i in font nullfont!
Missing character: There is no z in font nullfont!
Missing character: There is no e in font nullfont!
Missing character: There is no d in font nullfont!
Missing character: There is no a in font nullfont!
Missing character: There is no l in font nullfont!
Missing character: There is no g in font nullfont!
Missing character: There is no o in font nullfont!
Missing character: There is no r in font nullfont!
Missing character: There is no i in font nullfont!
Missing character: There is no t in font nullfont!
Missing character: There is no h in font nullfont!
Missing character: There is no m in font nullfont!
Missing character: There is no w in font nullfont!
Missing character: There is no h in font nullfont!
Missing character: There is no e in font nullfont!
Missing character: There is no r in font nullfont!
Missing character: There is no e in font nullfont!
Missing character: There is no t in font nullfont!
Missing character: There is no h in font nullfont!
Missing character: There is no e in font nullfont!
Missing character: There is no c in font nullfont!
Missing character: There is no o in font nullfont!
Missing character: There is no r in font nullfont!
Missing character: There is no r in font nullfont!
Missing character: There is no e in font nullfont!
Missing character: There is no c in font nullfont!
Missing character: There is no t in font nullfont!
Missing character: There is no n in font nullfont!
Missing character: There is no e in font nullfont!
Missing character: There is no s in font nullfont!
Missing character: There is no s in font nullfont!
Missing character: There is no i in font nullfont!
Missing character: There is no s in font nullfont!
Missing character: There is no a in font nullfont!
Missing character: There is no r in font nullfont!
Missing character: There is no a in font nullfont!
Missing character: There is no n in font nullfont!
Missing character: There is no d in font nullfont!
Missing character: There is no o in font nullfont!
Missing character: There is no m in font nullfont!
Missing character: There is no v in font nullfont!
Missing character: There is no a in font nullfont!
Missing character: There is no r in font nullfont!
Missing character: There is no i in font nullfont!
Missing character: There is no a in font nullfont!
Missing character: There is no b in font nullfont!
Missing character: There is no l in font nullfont!
Missing character: There is no e in font nullfont!
Missing character: There is no . in font nullfont!

Overfull \hbox (32.479pt too wide) in paragraph at lines 4--5
\OT1/cmr/bx/n/10 Monte
 []


Overfull \hbox (27.57623pt too wide) in paragraph at lines 4--5
\OT1/cmr/bx/n/10 Carlo
 []


Overfull \hbox (12.61797pt too wide) in paragraph at lines 4--5
\OT1/cmr/bx/n/10 al-
 []


Overfull \hbox (15.33325pt too wide) in paragraph at lines 4--5
\OT1/cmr/bx/n/10 go-
 []


Overfull \hbox (28.37486pt too wide) in paragraph at lines 4--5
\OT1/cmr/bx/n/10 rithm
 []

LaTeX Font Info:    External font `cmex10' loaded for size
(Font)              <7> on input line 6.
LaTeX Font Info:    External font `cmex10' loaded for size
(Font)              <5> on input line 6.

./summary.tex:7: LaTeX Error: Environment align* undefined.

See the LaTeX manual or LaTeX Companion for explanation.
Type  H <return>  for immediate help.
 ...                                              
                                                  
l.7 			\begin{align*}
                     
Your command was ignored.
Type  I <command> <return>  to replace it with another command,
or  <return>  to continue without it.

./summary.tex:8: Undefined control sequence.
l.8 				\text
             {min}_{A \in \mathcal{A}}EC(I_p,A) \leq \text{max}_{I \in \math...
The control sequence at the end of the top line
of your error message was never \def'ed. If you have
misspelled it (e.g., `\hobx'), type `I' and the correct
spelling (e.g., `I\hbox'). Otherwise just continue,
and I'll forget about whatever was undefined.

Missing character: There is no m in font nullfont!
Missing character: There is no i in font nullfont!
Missing character: There is no n in font nullfont!
./summary.tex:8: Missing $ inserted.
<inserted text> 
                $
l.8 				\text{min}_
                   {A \in \mathcal{A}}EC(I_p,A) \leq \text{max}_{I \in \math...
I've inserted a begin-math/end-math symbol since I think
you left one out. Proceed, with fingers crossed.

./summary.tex:8: Undefined control sequence.
l.8 ...in}_{A \in \mathcal{A}}EC(I_p,A) \leq \text
                                                  {max}_{I \in \mathcal{I}}E...
The control sequence at the end of the top line
of your error message was never \def'ed. If you have
misspelled it (e.g., `\hobx'), type `I' and the correct
spelling (e.g., `I\hbox'). Otherwise just continue,
and I'll forget about whatever was undefined.


./summary.tex:9: LaTeX Error: \begin{itemize} on input line 2 ended by \end{ali
gn*}.

See the LaTeX manual or LaTeX Companion for explanation.
Type  H <return>  for immediate help.
 ...                                              
                                                  
l.9 			\end{align*}
                   
Your command was ignored.
Type  I <command> <return>  to replace it with another command,
or  <return>  to continue without it.

./summary.tex:9: Missing $ inserted.
<inserted text> 
                $
l.9 			\end{align*}
                   
I've inserted something that you may have forgotten.
(See the <inserted text> above.)
With luck, this will get me unwedged. But if you
really didn't forget anything, try typing `2' now; then
my insertion and my current dilemma will both disappear.


Overfull \hbox (26.80676pt too wide) in paragraph at lines 5--11
\OT1/cmr/bx/n/10 Yao's
 []


Overfull \hbox (22.99988pt too wide) in paragraph at lines 5--11
\OT1/cmr/bx/n/10 min-
 []


Overfull \hbox (7.02774pt too wide) in paragraph at lines 5--11
\OT1/cmr/bx/n/10 i-
 []


Overfull \hbox (21.24292pt too wide) in paragraph at lines 5--11
\OT1/cmr/bx/n/10 max
 []


Overfull \hbox (29.65263pt too wide) in paragraph at lines 5--11
\OT1/cmr/bx/n/10 princ-
 []


Overfull \hbox (18.04852pt too wide) in paragraph at lines 5--11
\OT1/cmr/bx/n/10 ple:
 []


Overfull \hbox (15.08878pt too wide) in paragraph at lines 5--11
\OT1/cmr/m/it/10 For
 []


Overfull \hbox (10.73328pt too wide) in paragraph at lines 5--11
\OT1/cmr/m/it/10 all
 []


Overfull \hbox (15.84435pt too wide) in paragraph at lines 5--11
\OT1/cmr/m/it/10 dis-
 []


Overfull \hbox (14.18321pt too wide) in paragraph at lines 5--11
\OT1/cmr/m/it/10 tri-
 []


Overfull \hbox (13.54434pt too wide) in paragraph at lines 5--11
\OT1/cmr/m/it/10 bu-
 []


Overfull \hbox (24.27763pt too wide) in paragraph at lines 5--11
\OT1/cmr/m/it/10 tions,
 []


Overfull \hbox (8.17773pt too wide) in paragraph at lines 5--11
\OT1/cmr/m/it/10 p,
 []


Overfull \hbox (18.52763pt too wide) in paragraph at lines 5--11
\OT1/cmr/m/it/10 over
 []


Overfull \hbox (13.03323pt too wide) in paragraph at lines 5--11
\OT1/cmr/m/it/10 the
 []


Overfull \hbox (12.26659pt too wide) in paragraph at lines 5--11
\OT1/cmr/m/it/10 in-
 []


Overfull \hbox (13.79991pt too wide) in paragraph at lines 5--11
\OT1/cmr/m/it/10 put
 []


Overfull \hbox (6.18336pt too wide) in paragraph at lines 5--11
\OMS/cmsy/m/n/10 I$
 []


Overfull \hbox (15.84436pt too wide) in paragraph at lines 5--11
\OT1/cmr/m/it/10 and
 []


Overfull \hbox (4.8229pt too wide) in paragraph at lines 5--11
\OML/cmm/m/it/10 q$
 []


Overfull \hbox (18.52763pt too wide) in paragraph at lines 5--11
\OT1/cmr/m/it/10 over
 []


Overfull \hbox (13.03323pt too wide) in paragraph at lines 5--11
\OT1/cmr/m/it/10 the
 []


Overfull \hbox (12.01102pt too wide) in paragraph at lines 5--11
\OT1/cmr/m/it/10 set
 []


Overfull \hbox (8.17773pt too wide) in paragraph at lines 5--11
\OT1/cmr/m/it/10 of
 []


Overfull \hbox (11.24437pt too wide) in paragraph at lines 5--11
\OT1/cmr/m/it/10 al-
 []


Overfull \hbox (13.28879pt too wide) in paragraph at lines 5--11
\OT1/cmr/m/it/10 go-
 []


Overfull \hbox (27.98315pt too wide) in paragraph at lines 5--11
\OT1/cmr/m/it/10 rithms
 []


Overfull \hbox (7.98471pt too wide) in paragraph at lines 5--11
\OMS/cmsy/m/n/10 A$
 []


Overfull \hbox (73.44276pt too wide) in paragraph at lines 5--11
[]\OML/cmm/m/it/10 EC\OT1/cmr/m/n/10 (\OML/cmm/m/it/10 I[]; A\OT1/cmr/m/n/10 ) 
\OMS/cmsy/m/n/10 ^^T
 []


Overfull \hbox (79.87834pt too wide) in paragraph at lines 5--11
[][]\OML/cmm/m/it/10 EC\OT1/cmr/m/n/10 (\OML/cmm/m/it/10 I; A[]\OT1/cmr/m/n/10 
)$
 []


Overfull \hbox (24.66092pt too wide) in paragraph at lines 5--11
\OT1/cmr/m/it/10 where
 []


Overfull \hbox (29.6887pt too wide) in paragraph at lines 5--11
\OT1/cmr/m/it/10 C(I,A)
 []


Overfull \hbox (13.28879pt too wide) in paragraph at lines 5--11
\OT1/cmr/m/it/10 de-
 []


Overfull \hbox (22.7443pt too wide) in paragraph at lines 5--11
\OT1/cmr/m/it/10 notes
 []


Overfull \hbox (13.03323pt too wide) in paragraph at lines 5--11
\OT1/cmr/m/it/10 the
 []


Overfull \hbox (18.7832pt too wide) in paragraph at lines 5--11
\OT1/cmr/m/it/10 run-
 []


Overfull \hbox (18.911pt too wide) in paragraph at lines 5--11
\OT1/cmr/m/it/10 ning
 []


Overfull \hbox (19.16653pt too wide) in paragraph at lines 5--11
\OT1/cmr/m/it/10 time
 []


Overfull \hbox (8.17773pt too wide) in paragraph at lines 5--11
\OT1/cmr/m/it/10 of
 []


Overfull \hbox (7.43329pt too wide) in paragraph at lines 5--11
\OT1/cmr/m/it/10 A
 []


Overfull \hbox (10.73328pt too wide) in paragraph at lines 5--11
\OT1/cmr/m/it/10 on
 []


Overfull \hbox (12.26659pt too wide) in paragraph at lines 5--11
\OT1/cmr/m/it/10 in-
 []


Overfull \hbox (13.79991pt too wide) in paragraph at lines 5--11
\OT1/cmr/m/it/10 put
 []


Overfull \hbox (5.43608pt too wide) in paragraph at lines 5--11
\OT1/cmr/m/it/10 I 
 []


./summary.tex:13: LaTeX Error: Environment align* undefined.

See the LaTeX manual or LaTeX Companion for explanation.
Type  H <return>  for immediate help.
 ...                                              
                                                  
l.13 \begin{align*}
                   
Your command was ignored.
Type  I <command> <return>  to replace it with another command,
or  <return>  to continue without it.

./summary.tex:14: Misplaced alignment tab character &.
l.14 	&
       \text{max}_{I \in \mathcal{I}}EC(I, A_q) \\
I can't figure out why you would want to use a tab mark
here. If you just want an ampersand, the remedy is
simple: Just type `I\&' now. But if some right brace
up above has ended a previous alignment prematurely,
you're probably due for more error messages, and you
might try typing `S' now just to see what is salvageable.

./summary.tex:14: Undefined control sequence.
l.14 	&\text
            {max}_{I \in \mathcal{I}}EC(I, A_q) \\
The control sequence at the end of the top line
of your error message was never \def'ed. If you have
misspelled it (e.g., `\hobx'), type `I' and the correct
spelling (e.g., `I\hbox'). Otherwise just continue,
and I'll forget about whatever was undefined.

Missing character: There is no m in font nullfont!
Missing character: There is no a in font nullfont!
Missing character: There is no x in font nullfont!
./summary.tex:14: Missing $ inserted.
<inserted text> 
                $
l.14 	&\text{max}_
                  {I \in \mathcal{I}}EC(I, A_q) \\
I've inserted a begin-math/end-math symbol since I think
you left one out. Proceed, with fingers crossed.

./summary.tex:15: Misplaced alignment tab character &.
l.15 	=&
         \sum_{J \in \mathcal{I}}P(I_p=J) \text{max}_{I \in \mathcal{I}}EC(I...
I can't figure out why you would want to use a tab mark
here. If you just want an ampersand, the remedy is
simple: Just type `I\&' now. But if some right brace
up above has ended a previous alignment prematurely,
you're probably due for more error messages, and you
might try typing `S' now just to see what is salvageable.

./summary.tex:15: Undefined control sequence.
l.15 	=& \sum_{J \in \mathcal{I}}P(I_p=J) \text
                                               {max}_{I \in \mathcal{I}}EC(I...
The control sequence at the end of the top line
of your error message was never \def'ed. If you have
misspelled it (e.g., `\hobx'), type `I' and the correct
spelling (e.g., `I\hbox'). Otherwise just continue,
and I'll forget about whatever was undefined.

./summary.tex:16: Misplaced alignment tab character &.
l.16 	\geq&
            \sum_{J \in \mathcal{I}}P(I_p=J)EC(J,A_q) \\
I can't figure out why you would want to use a tab mark
here. If you just want an ampersand, the remedy is
simple: Just type `I\&' now. But if some right brace
up above has ended a previous alignment prematurely,
you're probably due for more error messages, and you
might try typing `S' now just to see what is salvageable.

./summary.tex:17: Misplaced alignment tab character &.
l.17 	=&
         \sum_{J \in \mathcal{I}}P(I_p=J) \sum_{A \in \mathcal{A}}P(A_q=A)C(...
I can't figure out why you would want to use a tab mark
here. If you just want an ampersand, the remedy is
simple: Just type `I\&' now. But if some right brace
up above has ended a previous alignment prematurely,
you're probably due for more error messages, and you
might try typing `S' now just to see what is salvageable.

./summary.tex:18: Misplaced alignment tab character &.
l.18 	=&
         \sum_{A \in \mathcal{A}} \sum_{J \in \mathcal{I}}P(A_q=A)P(I_p=J)C(...
I can't figure out why you would want to use a tab mark
here. If you just want an ampersand, the remedy is
simple: Just type `I\&' now. But if some right brace
up above has ended a previous alignment prematurely,
you're probably due for more error messages, and you
might try typing `S' now just to see what is salvageable.


./summary.tex:19: LaTeX Error: \begin{document} ended by \end{align*}.

See the LaTeX manual or LaTeX Companion for explanation.
Type  H <return>  for immediate help.
 ...                                              
                                                  
l.19 \end{align*}
                 
Your command was ignored.
Type  I <command> <return>  to replace it with another command,
or  <return>  to continue without it.

./summary.tex:19: Missing $ inserted.
<inserted text> 
                $
l.19 \end{align*}
                 
I've inserted something that you may have forgotten.
(See the <inserted text> above.)
With luck, this will get me unwedged. But if you
really didn't forget anything, try typing `2' now; then
my insertion and my current dilemma will both disappear.

Missing character: There is no a in font nullfont!
Missing character: There is no n in font nullfont!
Missing character: There is no d in font nullfont!
Missing character: There is no r in font nullfont!
Missing character: There is no e in font nullfont!
Missing character: There is no v in font nullfont!
Missing character: There is no e in font nullfont!
Missing character: There is no r in font nullfont!
Missing character: There is no s in font nullfont!
Missing character: There is no e in font nullfont!
Missing character: There is no t in font nullfont!
Missing character: There is no o in font nullfont!
Missing character: There is no o in font nullfont!
Missing character: There is no b in font nullfont!
Missing character: There is no t in font nullfont!
Missing character: There is no a in font nullfont!
Missing character: There is no i in font nullfont!
Missing character: There is no n in font nullfont!
Missing character: There is no ` in font nullfont!
Missing character: There is no ` in font nullfont!
Missing character: There is no ' in font nullfont!
Missing character: There is no ' in font nullfont!
Missing character: There is no a in font nullfont!
Missing character: There is no s in font nullfont!
Missing character: There is no d in font nullfont!
Missing character: There is no e in font nullfont!
Missing character: There is no s in font nullfont!
Missing character: There is no i in font nullfont!
Missing character: There is no r in font nullfont!
Missing character: There is no e in font nullfont!
Missing character: There is no d in font nullfont!
Missing character: There is no . in font nullfont!
)
! Emergency stop.
<*> summary.tex
               
*** (job aborted, no legal \end found)

 
Here is how much of TeX's memory you used:
 16 strings out of 494910
 239 string characters out of 6179835
 47398 words of memory out of 5000000
 3406 multiletter control sequences out of 15000+600000
 4294 words of font info for 16 fonts, out of 8000000 for 9000
 36 hyphenation exceptions out of 8191
 20i,3n,13p,139b,156s stack positions out of 5000i,500n,10000p,200000b,80000s
!  ==> Fatal error occurred, no output PDF file produced!
