This is pdfTeX, Version 3.14159265-2.6-1.40.16 (TeX Live 2015/Debian) (preloaded format=pdflatex 2018.10.27)  15 MAY 2019 14:37
entering extended mode
 restricted \write18 enabled.
 file:line:error style messages enabled.
 %&-line parsing enabled.
**ex47.tex
(./ex47.tex
LaTeX2e <2016/02/01>
Babel <3.9q> and hyphenation patterns for 5 language(s) loaded.

./ex47.tex:2: LaTeX Error: Missing \begin{document}.

See the LaTeX manual or LaTeX Companion for explanation.
Type  H <return>  for immediate help.
 ...                                              
                                                  
l.2 G
     iven a solution $\hat{x}$ to the linear program relaxation we use the f...

You're in trouble here.  Try typing  <return>  to proceed.
If that doesn't work, type  X <return>  to quit.

Missing character: There is no G in font nullfont!
Missing character: There is no i in font nullfont!
Missing character: There is no v in font nullfont!
Missing character: There is no e in font nullfont!
Missing character: There is no n in font nullfont!
Missing character: There is no a in font nullfont!
Missing character: There is no s in font nullfont!
Missing character: There is no o in font nullfont!
Missing character: There is no l in font nullfont!
Missing character: There is no u in font nullfont!
Missing character: There is no t in font nullfont!
Missing character: There is no i in font nullfont!
Missing character: There is no o in font nullfont!
Missing character: There is no n in font nullfont!
LaTeX Font Info:    External font `cmex10' loaded for size
(Font)              <7> on input line 2.
LaTeX Font Info:    External font `cmex10' loaded for size
(Font)              <5> on input line 2.
Missing character: There is no t in font nullfont!
Missing character: There is no o in font nullfont!
Missing character: There is no t in font nullfont!
Missing character: There is no h in font nullfont!
Missing character: There is no e in font nullfont!
Missing character: There is no l in font nullfont!
Missing character: There is no i in font nullfont!
Missing character: There is no n in font nullfont!
Missing character: There is no e in font nullfont!
Missing character: There is no a in font nullfont!
Missing character: There is no r in font nullfont!
Missing character: There is no p in font nullfont!
Missing character: There is no r in font nullfont!
Missing character: There is no o in font nullfont!
Missing character: There is no g in font nullfont!
Missing character: There is no r in font nullfont!
Missing character: There is no a in font nullfont!
Missing character: There is no m in font nullfont!
Missing character: There is no r in font nullfont!
Missing character: There is no e in font nullfont!
Missing character: There is no l in font nullfont!
Missing character: There is no a in font nullfont!
Missing character: There is no x in font nullfont!
Missing character: There is no a in font nullfont!
Missing character: There is no t in font nullfont!
Missing character: There is no i in font nullfont!
Missing character: There is no o in font nullfont!
Missing character: There is no n in font nullfont!
Missing character: There is no w in font nullfont!
Missing character: There is no e in font nullfont!
Missing character: There is no u in font nullfont!
Missing character: There is no s in font nullfont!
Missing character: There is no e in font nullfont!
Missing character: There is no t in font nullfont!
Missing character: There is no h in font nullfont!
Missing character: There is no e in font nullfont!
Missing character: There is no f in font nullfont!
Missing character: There is no o in font nullfont!
Missing character: There is no l in font nullfont!
Missing character: There is no l in font nullfont!
Missing character: There is no o in font nullfont!
Missing character: There is no w in font nullfont!
Missing character: There is no i in font nullfont!
Missing character: There is no n in font nullfont!
Missing character: There is no g in font nullfont!
Missing character: There is no s in font nullfont!
Missing character: There is no i in font nullfont!
Missing character: There is no m in font nullfont!
Missing character: There is no p in font nullfont!
Missing character: There is no l in font nullfont!
Missing character: There is no e in font nullfont!
Missing character: There is no r in font nullfont!
Missing character: There is no o in font nullfont!
Missing character: There is no u in font nullfont!
Missing character: There is no n in font nullfont!
Missing character: There is no d in font nullfont!
Missing character: There is no i in font nullfont!
Missing character: There is no n in font nullfont!
Missing character: There is no g in font nullfont!
Missing character: There is no p in font nullfont!
Missing character: There is no r in font nullfont!
Missing character: There is no o in font nullfont!
Missing character: There is no c in font nullfont!
Missing character: There is no e in font nullfont!
Missing character: There is no d in font nullfont!
Missing character: There is no u in font nullfont!
Missing character: There is no r in font nullfont!
Missing character: There is no e in font nullfont!
Missing character: There is no . in font nullfont!

./ex47.tex:3: LaTeX Error: Environment align* undefined.

See the LaTeX manual or LaTeX Companion for explanation.
Type  H <return>  for immediate help.
 ...                                              
                                                  
l.3 \begin{align*}
                  
Your command was ignored.
Type  I <command> <return>  to replace it with another command,
or  <return>  to continue without it.

./ex47.tex:4: Missing $ inserted.
<inserted text> 
                $
l.4 	\overline
              {x_{i0}}=1 \ \& \ \overline{x_{i1}}=0 \ \iff \ \widehat{x_{i0}...
I've inserted a begin-math/end-math symbol since I think
you left one out. Proceed, with fingers crossed.


./ex47.tex:5: LaTeX Error: \begin{document} ended by \end{align*}.

See the LaTeX manual or LaTeX Companion for explanation.
Type  H <return>  for immediate help.
 ...                                              
                                                  
l.5 \end{align*}
                
Your command was ignored.
Type  I <command> <return>  to replace it with another command,
or  <return>  to continue without it.

./ex47.tex:5: Missing $ inserted.
<inserted text> 
                $
l.5 \end{align*}
                
I've inserted something that you may have forgotten.
(See the <inserted text> above.)
With luck, this will get me unwedged. But if you
really didn't forget anything, try typing `2' now; then
my insertion and my current dilemma will both disappear.

Missing character: There is no T in font nullfont!
Missing character: There is no h in font nullfont!
Missing character: There is no e in font nullfont!
Missing character: There is no r in font nullfont!
Missing character: There is no e in font nullfont!
Missing character: There is no a in font nullfont!
Missing character: There is no r in font nullfont!
Missing character: There is no e in font nullfont!
Missing character: There is no t in font nullfont!
Missing character: There is no w in font nullfont!
Missing character: There is no o in font nullfont!
Missing character: There is no c in font nullfont!
Missing character: There is no a in font nullfont!
Missing character: There is no s in font nullfont!
Missing character: There is no e in font nullfont!
Missing character: There is no s in font nullfont!
Missing character: There is no : in font nullfont!
Missing character: There is no I in font nullfont!
Missing character: There is no f in font nullfont!
Missing character: There is no a in font nullfont!
Missing character: There is no n in font nullfont!
Missing character: There is no d in font nullfont!
Missing character: There is no w in font nullfont!
Missing character: There is no e in font nullfont!
Missing character: There is no h in font nullfont!
Missing character: There is no a in font nullfont!
Missing character: There is no v in font nullfont!
Missing character: There is no e in font nullfont!
Missing character: There is no a in font nullfont!
Missing character: There is no n in font nullfont!
Missing character: There is no d in font nullfont!
Missing character: There is no h in font nullfont!
Missing character: There is no e in font nullfont!
Missing character: There is no n in font nullfont!
Missing character: There is no c in font nullfont!
Missing character: There is no e in font nullfont!
Missing character: There is no . in font nullfont!
Missing character: There is no A in font nullfont!
Missing character: There is no l in font nullfont!
Missing character: There is no s in font nullfont!
Missing character: There is no o in font nullfont!
Missing character: There is no w in font nullfont!
Missing character: There is no e in font nullfont!
Missing character: There is no t in font nullfont!
Missing character: There is no r in font nullfont!
Missing character: There is no i in font nullfont!
Missing character: There is no v in font nullfont!
Missing character: There is no i in font nullfont!
Missing character: There is no a in font nullfont!
Missing character: There is no l in font nullfont!
Missing character: There is no l in font nullfont!
Missing character: There is no y in font nullfont!
Missing character: There is no h in font nullfont!
Missing character: There is no a in font nullfont!
Missing character: There is no v in font nullfont!
Missing character: There is no e in font nullfont!
Missing character: There is no . in font nullfont!
Missing character: There is no I in font nullfont!
Missing character: There is no f in font nullfont!
Missing character: There is no a in font nullfont!
Missing character: There is no n in font nullfont!
Missing character: There is no d in font nullfont!
Missing character: There is no t in font nullfont!
Missing character: There is no h in font nullfont!
Missing character: There is no e in font nullfont!
Missing character: There is no n in font nullfont!
Missing character: There is no a in font nullfont!
Missing character: There is no n in font nullfont!
Missing character: There is no d in font nullfont!
Missing character: There is no h in font nullfont!
Missing character: There is no e in font nullfont!
Missing character: There is no n in font nullfont!
Missing character: There is no c in font nullfont!
Missing character: There is no e in font nullfont!
Missing character: There is no a in font nullfont!
Missing character: There is no n in font nullfont!
Missing character: There is no d in font nullfont!
Missing character: There is no h in font nullfont!
Missing character: There is no e in font nullfont!
Missing character: There is no n in font nullfont!
Missing character: There is no c in font nullfont!
Missing character: There is no e in font nullfont!
Missing character: There is no a in font nullfont!
Missing character: There is no n in font nullfont!
Missing character: There is no d in font nullfont!
Missing character: There is no t in font nullfont!
Missing character: There is no r in font nullfont!
Missing character: There is no i in font nullfont!
Missing character: There is no v in font nullfont!
Missing character: There is no i in font nullfont!
Missing character: There is no a in font nullfont!
Missing character: There is no l in font nullfont!
Missing character: There is no l in font nullfont!
Missing character: There is no y in font nullfont!
Missing character: There is no h in font nullfont!
Missing character: There is no o in font nullfont!
Missing character: There is no l in font nullfont!
Missing character: There is no d in font nullfont!
Missing character: There is no s in font nullfont!
Missing character: There is no . in font nullfont!
Missing character: There is no I in font nullfont!
Missing character: There is no n in font nullfont!
Missing character: There is no a in font nullfont!
Missing character: There is no n in font nullfont!
Missing character: There is no y in font nullfont!
Missing character: There is no c in font nullfont!
Missing character: There is no a in font nullfont!
Missing character: There is no s in font nullfont!
Missing character: There is no e in font nullfont!
Missing character: There is no w in font nullfont!
Missing character: There is no e in font nullfont!
Missing character: There is no h in font nullfont!
Missing character: There is no a in font nullfont!
Missing character: There is no v in font nullfont!
Missing character: There is no e in font nullfont!
Missing character: There is no . in font nullfont!
Missing character: There is no W in font nullfont!
Missing character: There is no e in font nullfont!
Missing character: There is no t in font nullfont!
Missing character: There is no h in font nullfont!
Missing character: There is no e in font nullfont!
Missing character: There is no n in font nullfont!
Missing character: There is no h in font nullfont!
Missing character: There is no a in font nullfont!
Missing character: There is no v in font nullfont!
Missing character: There is no e in font nullfont!
Missing character: There is no f in font nullfont!
Missing character: There is no o in font nullfont!
Missing character: There is no r in font nullfont!
Missing character: There is no a in font nullfont!
Missing character: There is no n in font nullfont!
Missing character: There is no y in font nullfont!
Missing character: There is no b in font nullfont!
Missing character: There is no o in font nullfont!
Missing character: There is no u in font nullfont!
Missing character: There is no n in font nullfont!
Missing character: There is no d in font nullfont!
Missing character: There is no a in font nullfont!
Missing character: There is no r in font nullfont!
Missing character: There is no y in font nullfont!

./ex47.tex:16: LaTeX Error: Environment align* undefined.

See the LaTeX manual or LaTeX Companion for explanation.
Type  H <return>  for immediate help.
 ...                                              
                                                  
l.16 \begin{align*}
                   
Your command was ignored.
Type  I <command> <return>  to replace it with another command,
or  <return>  to continue without it.

./ex47.tex:17: Missing $ inserted.
<inserted text> 
                $
l.17 	\sum
          _{i \in T_{b0}}\overline{x_{i0}}+ \sum_{i \in T_{b1}}\overline{x_{...
I've inserted a begin-math/end-math symbol since I think
you left one out. Proceed, with fingers crossed.


./ex47.tex:20: LaTeX Error: \begin{document} ended by \end{align*}.

See the LaTeX manual or LaTeX Companion for explanation.
Type  H <return>  for immediate help.
 ...                                              
                                                  
l.20 \end{align*}
                 <++>
Your command was ignored.
Type  I <command> <return>  to replace it with another command,
or  <return>  to continue without it.

./ex47.tex:20: Missing $ inserted.
<inserted text> 
                $
l.20 \end{align*}
                 <++>
I've inserted something that you may have forgotten.
(See the <inserted text> above.)
With luck, this will get me unwedged. But if you
really didn't forget anything, try typing `2' now; then
my insertion and my current dilemma will both disappear.

Missing character: There is no < in font nullfont!
Missing character: There is no + in font nullfont!
Missing character: There is no + in font nullfont!
Missing character: There is no > in font nullfont!

Overfull \hbox (20.0pt too wide) in paragraph at lines 2--21
[]
 []


Overfull \hbox (5.71527pt too wide) in paragraph at lines 2--21
[]$
 []


Overfull \hbox (23.5862pt too wide) in paragraph at lines 2--21
[] \OT1/cmr/m/n/10 =
 []


Overfull \hbox (36.36401pt too wide) in paragraph at lines 2--21
\OT1/cmr/m/n/10 1 & [] =
 []


Overfull \hbox (28.88884pt too wide) in paragraph at lines 2--21
\OT1/cmr/m/n/10 0   \OMS/cmsy/m/n/10 ([])
 []


Overfull \hbox (23.5862pt too wide) in paragraph at lines 2--21
[] \OML/cmm/m/it/10 >
 []


Overfull \hbox (6.38612pt too wide) in paragraph at lines 2--21
[]$
 []


Overfull \hbox (23.5862pt too wide) in paragraph at lines 2--21
[] \OT1/cmr/m/n/10 =
 []


Overfull \hbox (5.00002pt too wide) in paragraph at lines 2--21
\OT1/cmr/m/n/10 1$
 []


Overfull \hbox (23.5862pt too wide) in paragraph at lines 2--21
[] \OT1/cmr/m/n/10 =
 []


Overfull \hbox (5.00002pt too wide) in paragraph at lines 2--21
\OT1/cmr/m/n/10 0$
 []


Overfull \hbox (23.5862pt too wide) in paragraph at lines 2--21
[] \OML/cmm/m/it/10 >
 []


Overfull \hbox (6.38612pt too wide) in paragraph at lines 2--21
[]$
 []


Overfull \hbox (23.5862pt too wide) in paragraph at lines 2--21
[] \OML/cmm/m/it/10 <
 []


Overfull \hbox (18.0307pt too wide) in paragraph at lines 2--21
\OT1/cmr/m/n/10 2[]$
 []


Overfull \hbox (23.5862pt too wide) in paragraph at lines 2--21
[] \OMS/cmsy/m/n/10 ^^T
 []


Overfull \hbox (18.0307pt too wide) in paragraph at lines 2--21
\OT1/cmr/m/n/10 2[]$ 
 []


Overfull \hbox (23.5862pt too wide) in paragraph at lines 2--21
[] \OT1/cmr/m/n/10 =
 []


Overfull \hbox (5.00002pt too wide) in paragraph at lines 2--21
\OT1/cmr/m/n/10 0$
 []


Overfull \hbox (23.5862pt too wide) in paragraph at lines 2--21
[] \OT1/cmr/m/n/10 =
 []


Overfull \hbox (5.00002pt too wide) in paragraph at lines 2--21
\OT1/cmr/m/n/10 1$
 []


Overfull \hbox (23.5862pt too wide) in paragraph at lines 2--21
[] \OMS/cmsy/m/n/10 ^^T
 []


Overfull \hbox (15.00005pt too wide) in paragraph at lines 2--21
\OT1/cmr/m/n/10 1\OML/cmm/m/it/10 =\OT1/cmr/m/n/10 2$
 []


Overfull \hbox (23.5862pt too wide) in paragraph at lines 2--21
[] \OMS/cmsy/m/n/10 ^^U
 []


Overfull \hbox (15.00005pt too wide) in paragraph at lines 2--21
\OT1/cmr/m/n/10 1\OML/cmm/m/it/10 =\OT1/cmr/m/n/10 2$
 []


Overfull \hbox (23.5862pt too wide) in paragraph at lines 2--21
[] \OMS/cmsy/m/n/10 ^^T
 []


Overfull \hbox (18.0307pt too wide) in paragraph at lines 2--21
\OT1/cmr/m/n/10 2[]$
 []


Overfull \hbox (23.5862pt too wide) in paragraph at lines 2--21
[] \OMS/cmsy/m/n/10 ^^T
 []


Overfull \hbox (18.0307pt too wide) in paragraph at lines 2--21
\OT1/cmr/m/n/10 2[]$
 []


Overfull \hbox (23.31363pt too wide) in paragraph at lines 2--21
[] \OMS/cmsy/m/n/10 ^^T
 []


Overfull \hbox (17.75813pt too wide) in paragraph at lines 2--21
\OT1/cmr/m/n/10 2[]$ 
 []


Overfull \hbox (4.29166pt too wide) in paragraph at lines 2--21
\OML/cmm/m/it/10 b$
 []


Overfull \hbox (53.54166pt too wide) in paragraph at lines 2--21
[][] [] \OT1/cmr/m/n/10 +
 []


Overfull \hbox (56.31937pt too wide) in paragraph at lines 2--21
[][] [] \OMS/cmsy/m/n/10 ^^T
 []


Overfull \hbox (58.54167pt too wide) in paragraph at lines 2--21
[][] \OT1/cmr/m/n/10 2[] +
 []


Overfull \hbox (61.31938pt too wide) in paragraph at lines 2--21
[][] \OT1/cmr/m/n/10 2[] \OMS/cmsy/m/n/10 ^^T
 []


Overfull \hbox (119.5832pt too wide) in paragraph at lines 2--21
\OT1/cmr/m/n/10 2 []$ 
 []

)
! Emergency stop.
<*> ex47.tex
            
*** (job aborted, no legal \end found)

 
Here is how much of TeX's memory you used:
 9 strings out of 494910
 165 string characters out of 6179835
 48398 words of memory out of 5000000
 3401 multiletter control sequences out of 15000+600000
 3640 words of font info for 14 fonts, out of 8000000 for 9000
 36 hyphenation exceptions out of 8191
 18i,4n,12p,134b,56s stack positions out of 5000i,500n,10000p,200000b,80000s
!  ==> Fatal error occurred, no output PDF file produced!
